0 info it worked if it ends with ok
1 verbose cli [ '/usr/bin/nodejs', '/usr/bin/npm', 'run', 'start-telnet' ]
2 info using npm@3.10.9
3 info using node@v6.9.2
4 verbose run-script [ 'prestart-telnet', 'start-telnet', 'poststart-telnet' ]
5 info lifecycle testbot@0.0.0~prestart-telnet: testbot@0.0.0
6 silly lifecycle testbot@0.0.0~prestart-telnet: no script for prestart-telnet, continuing
7 info lifecycle testbot@0.0.0~start-telnet: testbot@0.0.0
8 verbose lifecycle testbot@0.0.0~start-telnet: unsafe-perm in lifecycle true
9 verbose lifecycle testbot@0.0.0~start-telnet: PATH: /usr/lib/node_modules/npm/bin/node-gyp-bin:/home/priyendu/lucy/node_modules/.bin:/home/priyendu/bin:/usr/local/sbin:/usr/local/bin:/usr/sbin:/usr/bin:/sbin:/bin:/usr/games:/usr/local/games:/snap/bin
10 verbose lifecycle testbot@0.0.0~start-telnet: CWD: /home/priyendu/lucy
11 silly lifecycle testbot@0.0.0~start-telnet: Args: [ '-c', 'npm run build && node lib/server-telnet.js' ]
12 silly lifecycle testbot@0.0.0~start-telnet: Returned: code: 1  signal: null
13 info lifecycle testbot@0.0.0~start-telnet: Failed to exec start-telnet script
14 verbose stack Error: testbot@0.0.0 start-telnet: `npm run build && node lib/server-telnet.js`
14 verbose stack Exit status 1
14 verbose stack     at EventEmitter.<anonymous> (/usr/lib/node_modules/npm/lib/utils/lifecycle.js:255:16)
14 verbose stack     at emitTwo (events.js:106:13)
14 verbose stack     at EventEmitter.emit (events.js:191:7)
14 verbose stack     at ChildProcess.<anonymous> (/usr/lib/node_modules/npm/lib/utils/spawn.js:40:14)
14 verbose stack     at emitTwo (events.js:106:13)
14 verbose stack     at ChildProcess.emit (events.js:191:7)
14 verbose stack     at maybeClose (internal/child_process.js:877:16)
14 verbose stack     at Process.ChildProcess._handle.onexit (internal/child_process.js:226:5)
15 verbose pkgid testbot@0.0.0
16 verbose cwd /home/priyendu/lucy/chat
17 error Linux 4.4.0-75-generic
18 error argv "/usr/bin/nodejs" "/usr/bin/npm" "run" "start-telnet"
19 error node v6.9.2
20 error npm  v3.10.9
21 error code ELIFECYCLE
22 error testbot@0.0.0 start-telnet: `npm run build && node lib/server-telnet.js`
22 error Exit status 1
23 error Failed at the testbot@0.0.0 start-telnet script 'npm run build && node lib/server-telnet.js'.
23 error Make sure you have the latest version of node.js and npm installed.
23 error If you do, this is most likely a problem with the testbot package,
23 error not with npm itself.
23 error Tell the author that this fails on your system:
23 error     npm run build && node lib/server-telnet.js
23 error You can get information on how to open an issue for this project with:
23 error     npm bugs testbot
23 error Or if that isn't available, you can get their info via:
23 error     npm owner ls testbot
23 error There is likely additional logging output above.
24 verbose exit [ 1, true ]
